<?xml version="1.0" encoding="UTF-8"?>
<!-- Generated by org.testng.reporters.JUnitReportReporter -->
<testsuite hostname="EPINHYDW0C77" failures="0" tests="2" name="com.WeatherShopper.UI.Testcases.TC0001" time="36.388" errors="0" timestamp="2021-12-03T11:41:35 IST" skipped="0">
  <testcase classname="com.WeatherShopper.UI.Testcases.TC0001" name="endToEndTest" time="18.745"/>
  <system-out/>
  <testcase classname="com.WeatherShopper.UI.Testcases.TC0001" name="endToEndTest" time="17.643"/>
  <system-out/>
</testsuite> <!-- com.WeatherShopper.UI.Testcases.TC0001 -->
